
Showing logs for build [32mcb-kubecd-environment-pr-178-6-7q4cm-1[0m stage [32mfrom-build-pack[0m and container [32mstep-credential-initializer-74987[0m
{"level":"warn","ts":1583873543.9961574,"logger":"fallback-logger","caller":"logging/config.go:69","msg":"Fetch GitHub commit ID from kodata failed: \"ref: refs/heads/0.8.0-**-support-backwards-incompats\" is not a valid GitHub commit ID"}
{"level":"info","ts":1583873543.9967148,"logger":"fallback-logger","caller":"creds-init/main.go:40","msg":"Credentials initialized."}

Showing logs for build [32mcb-kubecd-environment-pr-178-6-7q4cm-1[0m stage [32mfrom-build-pack[0m and container [32mstep-working-dir-initializer-m6pqf[0m
{"level":"warn","ts":1583873544.9814515,"logger":"fallback-logger","caller":"logging/config.go:69","msg":"Fetch GitHub commit ID from kodata failed: open /var/run/ko/HEAD: no such file or directory"}
{"level":"info","ts":1583873544.9867241,"logger":"fallback-logger","caller":"bash/main.go:64","msg":"Successfully executed command \"sh -c mkdir -p /workspace/source\"; output "}

Showing logs for build [32mcb-kubecd-environment-pr-178-6-7q4cm-1[0m stage [32mfrom-build-pack[0m and container [32mstep-place-tools[0m

Showing logs for build [32mcb-kubecd-environment-pr-178-6-7q4cm-1[0m stage [32mfrom-build-pack[0m and container [32mstep-git-source-cb-kubecd-environment-pr-178-6-7q4cm-6pkd7[0m
{"level":"warn","ts":1583873551.0604367,"logger":"fallback-logger","caller":"logging/config.go:69","msg":"Fetch GitHub commit ID from kodata failed: \"ref: refs/heads/0.8.0-**-support-backwards-incompats\" is not a valid GitHub commit ID"}
{"level":"info","ts":1583873552.210668,"logger":"fallback-logger","caller":"git/git.go:103","msg":"Successfully cloned https://github.com/cb-kubecd/environment-pr-178-6-boot-vault-gke-production.git @ master in path /workspace/source"}

Showing logs for build [32mcb-kubecd-environment-pr-178-6-7q4cm-1[0m stage [32mfrom-build-pack[0m and container [32mstep-git-merge[0m
Using SHAs from PULL_REFS=master:145928af87c14d2cd2eed7521e4f8fdc5c4dd05d,1:45bb9c230dfde3d164be2cb2ceb3ae139d0122fb
DEBUG: LC_ALL=C JX_LOG_LEVEL=error git fetch origin --unshallow 45bb9c230dfde3d164be2cb2ceb3ae139d0122fb: 145928af87c14d2cd2eed7521e4f8fdc5c4dd05d:
DEBUG: ran git fetch --unshallow origin 45bb9c230dfde3d164be2cb2ceb3ae139d0122fb: 145928af87c14d2cd2eed7521e4f8fdc5c4dd05d: in 
DEBUG: LC_ALL=C JX_LOG_LEVEL=error git branch
DEBUG: LC_ALL=C JX_LOG_LEVEL=error git checkout master
DEBUG: ran git checkout master in 
DEBUG: JX_LOG_LEVEL=error LC_ALL=C git reset --hard 145928af87c14d2cd2eed7521e4f8fdc5c4dd05d
DEBUG: ran git reset --hard 145928af87c14d2cd2eed7521e4f8fdc5c4dd05d in 
DEBUG: LC_ALL=C JX_LOG_LEVEL=error git clean -fd .
DEBUG: ran clean --force -d . in 
DEBUG: LC_ALL=C JX_LOG_LEVEL=error git merge 45bb9c230dfde3d164be2cb2ceb3ae139d0122fb
DEBUG: ran git merge 45bb9c230dfde3d164be2cb2ceb3ae139d0122fb in 
DEBUG: LC_ALL=C JX_LOG_LEVEL=error git log --format=%H%x1f%an%x1f%ae%x1f%cn%x1f%ce%x1f%s%n%b%x1e 145928af87c14d2cd2eed7521e4f8fdc5c4dd05d..HEAD
Merged SHA 45bb9c230dfde3d164be2cb2ceb3ae139d0122fb with commit message 'chore: Promote bdd-spring-1583872437 to version 0.0.1' into base branch master

Showing logs for build [32mcb-kubecd-environment-pr-178-6-7q4cm-1[0m stage [32mfrom-build-pack[0m and container [32mstep-build-helm-build[0m
WARNING: No $CHART_REPOSITORY defined so using the default value of: http://jenkins-x-chartmuseum:8080
Adding missing Helm repo: storage.googleapis.com https://storage.googleapis.com/chartmuseum.jenkins-x.io
WARNING: No secrets found on "helm/repos" due: reading the secret "helm/repos" from vault: no secret "helm/repos" not found in vault
Read credentials for https://storage.googleapis.com/chartmuseum.jenkins-x.io from vault helm/repos
Successfully added Helm repository storage.googleapis.com.
Adding missing Helm repo: jenkins-x-chartmuseum http://jenkins-x-chartmuseum:8080
WARNING: No secrets found on "helm/repos" due: reading the secret "helm/repos" from vault: no secret "helm/repos" not found in vault
Read credentials for http://jenkins-x-chartmuseum:8080 from vault helm/repos
Successfully added Helm repository jenkins-x-chartmuseum.
WARNING: No $CHART_REPOSITORY defined so using the default value of: http://jenkins-x-chartmuseum:8080
Adding missing Helm repo: chartmuseum.jenkins-x.io http://chartmuseum.jenkins-x.io
WARNING: No secrets found on "helm/repos" due: reading the secret "helm/repos" from vault: no secret "helm/repos" not found in vault
Read credentials for http://chartmuseum.jenkins-x.io from vault helm/repos
Successfully added Helm repository chartmuseum.jenkins-x.io.
